ref/dut,         avg's_min,      avg's_avg,      avg's_std,      min's_avg,      min's_std
ac4dap_process:
ref,    29.00,  29.17,  0.090,  25.64,  0.102,
dut,    28.70,  29.03,  0.173,  25.45,  0.081,
ac4dec:
toponly_ref, 68.30, 68.94, 0.297, 34.25, 0.372,
ref,    71.30,  71.85,  0.388,  35.17,  0.269,
dut,    70.00,  70.46,  0.398,  34.49,  0.239,
ac4dec_input_stage_process:
ref,    20.20,  20.49,  0.230,  17.59,  0.122,
dut,    19.80,  20.03,  0.162,  17.23,  0.135,
ac4dec_output_stage_process:
ref,    51.10,  51.33,  0.179,  49.22,  0.366,
dut,    50.10,  50.42,  0.286,  48.42,  0.337,
apply_acpldec:
ref,    7.90,   8.07,   0.149,  0.17,   0.046,
dut,    7.60,   7.70,   0.077,  0.13,   0.046,
dlb_ac4dec_input_stage_process_part_1:
ref,    15.10,  15.36,  0.201,  13.46,  0.120,
dut,    15.00,  15.14,  0.120,  13.31,  0.094,
dlb_ac4dec_input_stage_process_part_2:
ref,    4.40,   4.45,   0.050,  0.10,   0.000,
dut,    4.20,   4.22,   0.040,  0.10,   0.000,
pcm_process:
ref,    9.10,   9.23,   0.064,  8.21,   0.030,
dut,    8.90,   9.06,   0.111,  8.09,   0.054,
